<?xml version="1.0" encoding="UTF-8"?>
<testsuite xmlns:xsi="http://www.w3.org/2001/XMLSchema-instance" xsi:noNamespaceSchemaLocation="https://maven.apache.org/surefire/maven-surefire-plugin/xsd/surefire-test-report-3.0.xsd" version="3.0" name="uk.ac.ebi.pride.jmztab2.model.MZTabStringUtilsTest" time="0.015" tests="3" errors="0" skipped="0" failures="0">
  <properties>
    <property name="sun.desktop" value="gnome"/>
    <property name="awt.toolkit" value="sun.awt.X11.XToolkit"/>
    <property name="java.specification.version" value="11"/>
    <property name="sun.cpu.isalist" value=""/>
    <property name="sun.jnu.encoding" value="UTF-8"/>
    <property name="java.class.path" value="/home/ISAS.DE/nils.hoffmann/Projects/github.com/lifs-tools/jmzTab-m/api/target/test-classes:/home/ISAS.DE/nils.hoffmann/Projects/github.com/lifs-tools/jmzTab-m/api/target/classes:/home/ISAS.DE/nils.hoffmann/.m2/repository/io/swagger/swagger-annotations/1.5.24/swagger-annotations-1.5.24.jar:/home/ISAS.DE/nils.hoffmann/.m2/repository/com/fasterxml/jackson/core/jackson-core/2.10.2/jackson-core-2.10.2.jar:/home/ISAS.DE/nils.hoffmann/.m2/repository/com/fasterxml/jackson/core/jackson-annotations/2.10.2/jackson-annotations-2.10.2.jar:/home/ISAS.DE/nils.hoffmann/.m2/repository/com/fasterxml/jackson/core/jackson-databind/2.10.2/jackson-databind-2.10.2.jar:/home/ISAS.DE/nils.hoffmann/.m2/repository/com/fasterxml/jackson/dataformat/jackson-dataformat-csv/2.10.2/jackson-dataformat-csv-2.10.2.jar:/home/ISAS.DE/nils.hoffmann/.m2/repository/com/fasterxml/jackson/datatype/jackson-datatype-joda/2.10.2/jackson-datatype-joda-2.10.2.jar:/home/ISAS.DE/nils.hoffmann/.m2/repository/joda-time/joda-time/2.9.9/joda-time-2.9.9.jar:/home/ISAS.DE/nils.hoffmann/.m2/repository/com/brsanthu/migbase64/2.2/migbase64-2.2.jar:/home/ISAS.DE/nils.hoffmann/.m2/repository/junit/junit/4.12/junit-4.12.jar:/home/ISAS.DE/nils.hoffmann/.m2/repository/org/hamcrest/hamcrest-core/1.3/hamcrest-core-1.3.jar:/home/ISAS.DE/nils.hoffmann/.m2/repository/javax/validation/validation-api/2.0.0.Final/validation-api-2.0.0.Final.jar:/home/ISAS.DE/nils.hoffmann/.m2/repository/com/fasterxml/jackson/dataformat/jackson-dataformat-xml/2.10.2/jackson-dataformat-xml-2.10.2.jar:/home/ISAS.DE/nils.hoffmann/.m2/repository/com/fasterxml/jackson/module/jackson-module-jaxb-annotations/2.10.2/jackson-module-jaxb-annotations-2.10.2.jar:/home/ISAS.DE/nils.hoffmann/.m2/repository/jakarta/xml/bind/jakarta.xml.bind-api/2.3.2/jakarta.xml.bind-api-2.3.2.jar:/home/ISAS.DE/nils.hoffmann/.m2/repository/jakarta/activation/jakarta.activation-api/1.2.1/jakarta.activation-api-1.2.1.jar:/home/ISAS.DE/nils.hoffmann/.m2/repository/org/codehaus/woodstox/stax2-api/4.2/stax2-api-4.2.jar:/home/ISAS.DE/nils.hoffmann/.m2/repository/com/fasterxml/woodstox/woodstox-core/6.0.3/woodstox-core-6.0.3.jar:/home/ISAS.DE/nils.hoffmann/.m2/repository/org/slf4j/slf4j-api/1.7.30/slf4j-api-1.7.30.jar:/home/ISAS.DE/nils.hoffmann/.m2/repository/javax/xml/bind/jaxb-api/2.3.1/jaxb-api-2.3.1.jar:/home/ISAS.DE/nils.hoffmann/.m2/repository/javax/activation/javax.activation-api/1.2.0/javax.activation-api-1.2.0.jar:/home/ISAS.DE/nils.hoffmann/.m2/repository/com/sun/xml/bind/jaxb-core/2.3.0.1/jaxb-core-2.3.0.1.jar:/home/ISAS.DE/nils.hoffmann/.m2/repository/javax/annotation/javax.annotation-api/1.3.2/javax.annotation-api-1.3.2.jar:/home/ISAS.DE/nils.hoffmann/.m2/repository/org/hamcrest/hamcrest-library/1.3/hamcrest-library-1.3.jar:"/>
    <property name="java.vm.vendor" value="Debian"/>
    <property name="sun.arch.data.model" value="64"/>
    <property name="java.vendor.url" value="https://tracker.debian.org/openjdk-11"/>
    <property name="user.timezone" value="Europe/Berlin"/>
    <property name="java.vm.specification.version" value="11"/>
    <property name="os.name" value="Linux"/>
    <property name="sun.java.launcher" value="SUN_STANDARD"/>
    <property name="user.country" value="DE"/>
    <property name="sun.boot.library.path" value="/usr/lib/jvm/java-11-openjdk-amd64/lib"/>
    <property name="sun.java.command" value="/home/ISAS.DE/nils.hoffmann/Projects/github.com/lifs-tools/jmzTab-m/api/target/surefire/surefirebooter8535392305332486230.jar /home/ISAS.DE/nils.hoffmann/Projects/github.com/lifs-tools/jmzTab-m/api/target/surefire 2020-02-11T15-12-01_935-jvmRun1 surefire6557349465457132705tmp surefire_013879774011205958229tmp"/>
    <property name="jdk.debug" value="release"/>
    <property name="surefire.test.class.path" value="/home/ISAS.DE/nils.hoffmann/Projects/github.com/lifs-tools/jmzTab-m/api/target/test-classes:/home/ISAS.DE/nils.hoffmann/Projects/github.com/lifs-tools/jmzTab-m/api/target/classes:/home/ISAS.DE/nils.hoffmann/.m2/repository/io/swagger/swagger-annotations/1.5.24/swagger-annotations-1.5.24.jar:/home/ISAS.DE/nils.hoffmann/.m2/repository/com/fasterxml/jackson/core/jackson-core/2.10.2/jackson-core-2.10.2.jar:/home/ISAS.DE/nils.hoffmann/.m2/repository/com/fasterxml/jackson/core/jackson-annotations/2.10.2/jackson-annotations-2.10.2.jar:/home/ISAS.DE/nils.hoffmann/.m2/repository/com/fasterxml/jackson/core/jackson-databind/2.10.2/jackson-databind-2.10.2.jar:/home/ISAS.DE/nils.hoffmann/.m2/repository/com/fasterxml/jackson/dataformat/jackson-dataformat-csv/2.10.2/jackson-dataformat-csv-2.10.2.jar:/home/ISAS.DE/nils.hoffmann/.m2/repository/com/fasterxml/jackson/datatype/jackson-datatype-joda/2.10.2/jackson-datatype-joda-2.10.2.jar:/home/ISAS.DE/nils.hoffmann/.m2/repository/joda-time/joda-time/2.9.9/joda-time-2.9.9.jar:/home/ISAS.DE/nils.hoffmann/.m2/repository/com/brsanthu/migbase64/2.2/migbase64-2.2.jar:/home/ISAS.DE/nils.hoffmann/.m2/repository/junit/junit/4.12/junit-4.12.jar:/home/ISAS.DE/nils.hoffmann/.m2/repository/org/hamcrest/hamcrest-core/1.3/hamcrest-core-1.3.jar:/home/ISAS.DE/nils.hoffmann/.m2/repository/javax/validation/validation-api/2.0.0.Final/validation-api-2.0.0.Final.jar:/home/ISAS.DE/nils.hoffmann/.m2/repository/com/fasterxml/jackson/dataformat/jackson-dataformat-xml/2.10.2/jackson-dataformat-xml-2.10.2.jar:/home/ISAS.DE/nils.hoffmann/.m2/repository/com/fasterxml/jackson/module/jackson-module-jaxb-annotations/2.10.2/jackson-module-jaxb-annotations-2.10.2.jar:/home/ISAS.DE/nils.hoffmann/.m2/repository/jakarta/xml/bind/jakarta.xml.bind-api/2.3.2/jakarta.xml.bind-api-2.3.2.jar:/home/ISAS.DE/nils.hoffmann/.m2/repository/jakarta/activation/jakarta.activation-api/1.2.1/jakarta.activation-api-1.2.1.jar:/home/ISAS.DE/nils.hoffmann/.m2/repository/org/codehaus/woodstox/stax2-api/4.2/stax2-api-4.2.jar:/home/ISAS.DE/nils.hoffmann/.m2/repository/com/fasterxml/woodstox/woodstox-core/6.0.3/woodstox-core-6.0.3.jar:/home/ISAS.DE/nils.hoffmann/.m2/repository/org/slf4j/slf4j-api/1.7.30/slf4j-api-1.7.30.jar:/home/ISAS.DE/nils.hoffmann/.m2/repository/javax/xml/bind/jaxb-api/2.3.1/jaxb-api-2.3.1.jar:/home/ISAS.DE/nils.hoffmann/.m2/repository/javax/activation/javax.activation-api/1.2.0/javax.activation-api-1.2.0.jar:/home/ISAS.DE/nils.hoffmann/.m2/repository/com/sun/xml/bind/jaxb-core/2.3.0.1/jaxb-core-2.3.0.1.jar:/home/ISAS.DE/nils.hoffmann/.m2/repository/javax/annotation/javax.annotation-api/1.3.2/javax.annotation-api-1.3.2.jar:/home/ISAS.DE/nils.hoffmann/.m2/repository/org/hamcrest/hamcrest-library/1.3/hamcrest-library-1.3.jar:"/>
    <property name="sun.cpu.endian" value="little"/>
    <property name="user.home" value="/home/ISAS.DE/nils.hoffmann"/>
    <property name="user.language" value="de"/>
    <property name="java.specification.vendor" value="Oracle Corporation"/>
    <property name="java.version.date" value="2020-01-14"/>
    <property name="java.home" value="/usr/lib/jvm/java-11-openjdk-amd64"/>
    <property name="file.separator" value="/"/>
    <property name="basedir" value="/home/ISAS.DE/nils.hoffmann/Projects/github.com/lifs-tools/jmzTab-m/api"/>
    <property name="java.vm.compressedOopsMode" value="Zero based"/>
    <property name="line.separator" value="&#10;"/>
    <property name="java.specification.name" value="Java Platform API Specification"/>
    <property name="java.vm.specification.vendor" value="Oracle Corporation"/>
    <property name="java.awt.graphicsenv" value="sun.awt.X11GraphicsEnvironment"/>
    <property name="surefire.real.class.path" value="/home/ISAS.DE/nils.hoffmann/Projects/github.com/lifs-tools/jmzTab-m/api/target/surefire/surefirebooter8535392305332486230.jar"/>
    <property name="sun.management.compiler" value="HotSpot 64-Bit Tiered Compilers"/>
    <property name="java.runtime.version" value="11.0.6+10-post-Debian-1deb10u1"/>
    <property name="user.name" value="nils.hoffmann"/>
    <property name="path.separator" value=":"/>
    <property name="os.version" value="4.19.0-8-amd64"/>
    <property name="java.runtime.name" value="OpenJDK Runtime Environment"/>
    <property name="file.encoding" value="UTF-8"/>
    <property name="java.vm.name" value="OpenJDK 64-Bit Server VM"/>
    <property name="localRepository" value="/home/ISAS.DE/nils.hoffmann/.m2/repository"/>
    <property name="java.vendor.url.bug" value="https://bugs.debian.org/openjdk-11"/>
    <property name="java.io.tmpdir" value="/tmp"/>
    <property name="java.version" value="11.0.6"/>
    <property name="user.dir" value="/home/ISAS.DE/nils.hoffmann/Projects/github.com/lifs-tools/jmzTab-m/api/target/surefire-files"/>
    <property name="os.arch" value="amd64"/>
    <property name="java.vm.specification.name" value="Java Virtual Machine Specification"/>
    <property name="java.awt.printerjob" value="sun.print.PSPrinterJob"/>
    <property name="sun.os.patch.level" value="unknown"/>
    <property name="java.library.path" value="/usr/java/packages/lib:/usr/lib/x86_64-linux-gnu/jni:/lib/x86_64-linux-gnu:/usr/lib/x86_64-linux-gnu:/usr/lib/jni:/lib:/usr/lib"/>
    <property name="java.vendor" value="Debian"/>
    <property name="java.vm.info" value="mixed mode, sharing"/>
    <property name="java.vm.version" value="11.0.6+10-post-Debian-1deb10u1"/>
    <property name="sun.io.unicode.encoding" value="UnicodeLittle"/>
    <property name="java.class.version" value="55.0"/>
  </properties>
  <testcase name="testParseString" classname="uk.ac.ebi.pride.jmztab2.model.MZTabStringUtilsTest" time="0.006"/>
  <testcase name="testToCapital" classname="uk.ac.ebi.pride.jmztab2.model.MZTabStringUtilsTest" time="0"/>
  <testcase name="testIsEmpty" classname="uk.ac.ebi.pride.jmztab2.model.MZTabStringUtilsTest" time="0.001"/>
</testsuite>